<?xml version="1.0" encoding="UTF-8"?>
<!-- Generated by org.testng.reporters.JUnitReportReporter -->
<testsuite hostname="WKWZT3arfufb8jX" failures="0" tests="4" name="day3.MyFirstTestNGTest" time="0.008" errors="0" timestamp="2022-11-22T12:43:43 IST" skipped="0">
  <testcase classname="day3.MyFirstTestNGTest" name="deleteAccount" time="0.000"/>
  <system-out/>
  <testcase classname="day3.MyFirstTestNGTest" name="createAccount" time="0.006"/>
  <system-out/>
  <testcase classname="day3.MyFirstTestNGTest" name="logOutFromApplication" time="0.001"/>
  <system-out/>
  <testcase classname="day3.MyFirstTestNGTest" name="login" time="0.001"/>
  <system-out/>
</testsuite> <!-- day3.MyFirstTestNGTest -->
