<?xml version="1.0" encoding="UTF-8"?>
<!-- Generated by org.testng.reporters.JUnitReportReporter -->
<testsuite hostname="WKWZT3arfufb8jX" failures="0" tests="1" name="day3.LoginTest" time="4.885" errors="0" timestamp="2022-11-22T16:00:08 IST" skipped="0">
  <testcase classname="day3.LoginTest" name="noPassword" time="4.885"/>
  <system-out/>
</testsuite> <!-- day3.LoginTest -->
