<?xml version="1.0" encoding="UTF-8"?>
<!-- Generated by org.testng.reporters.JUnitReportReporter -->
<testsuite hostname="WKWZT3arfufb8jX" failures="0" tests="1" name="reportgeneration.MyFirstSeleniumScript2" time="4.668" errors="0" timestamp="2022-11-22T19:03:49 IST" skipped="0">
  <testcase classname="reportgeneration.MyFirstSeleniumScript2" name="maintttt" time="4.668"/>
  <system-out/>
</testsuite> <!-- reportgeneration.MyFirstSeleniumScript2 -->
