<?xml version="1.0" encoding="UTF-8"?>
<!-- Generated by org.testng.reporters.JUnitReportReporter -->
<testsuite hostname="WKWZT3arfufb8jX" failures="0" tests="2" name="reportgeneration.AssertionDemo" time="0.012" errors="0" timestamp="2022-11-22T19:03:49 IST" skipped="0">
  <testcase classname="reportgeneration.AssertionDemo" name="logOutFromApplication" time="0.001"/>
  <system-out/>
  <testcase classname="reportgeneration.AssertionDemo" name="login" time="0.011"/>
  <system-out>
    <![CDATA[Login Done]]>
  </system-out>
</testsuite> <!-- reportgeneration.AssertionDemo -->
