<?xml version="1.0" encoding="UTF-8"?>
<!-- Generated by org.testng.reporters.JUnitReportReporter -->
<testsuite hostname="WKWZT3arfufb8jX" failures="0" tests="1" name="reportgeneration.CalendarDateWithoutLoop" time="10.423" errors="0" timestamp="2022-11-22T19:03:49 IST" skipped="0">
  <testcase classname="reportgeneration.CalendarDateWithoutLoop" name="datePicker" time="10.423"/>
  <system-out/>
</testsuite> <!-- reportgeneration.CalendarDateWithoutLoop -->
