<?xml version="1.0" encoding="UTF-8"?>
<!-- Generated by org.testng.reporters.JUnitReportReporter -->
<testsuite hostname="WKWZT3arfufb8jX" failures="0" tests="5" name="reportgeneration.LoginTest" time="25.235" errors="0" timestamp="2022-11-22T19:03:49 IST" skipped="0">
  <testcase classname="reportgeneration.LoginTest" name="validUsernameandPassword" time="7.066"/>
  <system-out/>
  <testcase classname="reportgeneration.LoginTest" name="invalidUsernameandPassword" time="4.659"/>
  <system-out/>
  <testcase classname="reportgeneration.LoginTest" name="blankUsernameandPassword" time="6.082"/>
  <system-out/>
  <testcase classname="reportgeneration.LoginTest" name="noUsernameandPassword" time="3.620"/>
  <system-out/>
  <testcase classname="reportgeneration.LoginTest" name="noPassword" time="3.808"/>
  <system-out/>
</testsuite> <!-- reportgeneration.LoginTest -->
