<?xml version="1.0" encoding="UTF-8"?>
<!-- Generated by org.testng.reporters.JUnitReportReporter -->
<testsuite hostname="WKWZT3arfufb8jX" failures="0" tests="1" name="day4.ReadingExcel" time="0.000" errors="0" timestamp="2022-11-23T12:26:32 IST" skipped="1">
  <testcase classname="day4.ReadingExcel" name="myTest" time="0.000">
    <skipped/>
  </testcase> <!-- myTest -->
  <system-out/>
</testsuite> <!-- day4.ReadingExcel -->
