<?xml version="1.0" encoding="UTF-8"?>
<!-- Generated by org.testng.reporters.JUnitReportReporter -->
<testsuite hostname="WKWZT3arfufb8jX" failures="0" tests="1" name="day5.SeleniumGridDemo2" time="5.126" errors="0" timestamp="2022-11-24T10:59:07 IST" skipped="0">
  <testcase classname="day5.SeleniumGridDemo2" name="ineuron" time="5.126"/>
  <system-out/>
</testsuite> <!-- day5.SeleniumGridDemo2 -->
