<?xml version="1.0" encoding="UTF-8"?>
<!-- Generated by org.testng.reporters.JUnitReportReporter -->
<testsuite hostname="WKWZT3arfufb8jX" failures="0" tests="1" name="reportgeneration.MyFirstSeleniumScript" time="5.492" errors="0" timestamp="2022-11-22T19:03:49 IST" skipped="0">
  <testcase classname="reportgeneration.MyFirstSeleniumScript" name="mainrr" time="5.492"/>
  <system-out/>
</testsuite> <!-- reportgeneration.MyFirstSeleniumScript -->
