<?xml version="1.0" encoding="UTF-8"?>
<!-- Generated by org.testng.reporters.JUnitReportReporter -->
<testsuite hostname="WKWZT3arfufb8jX" failures="0" tests="2" name="reportgeneration.AssertionDemo" time="0.008" errors="0" timestamp="2022-11-23T15:35:17 IST" skipped="0">
  <testcase classname="reportgeneration.AssertionDemo" name="logOutFromApplication" time="0.000"/>
  <system-out/>
  <testcase classname="reportgeneration.AssertionDemo" name="login" time="0.008"/>
  <system-out>
    <![CDATA[Login Done]]>
  </system-out>
</testsuite> <!-- reportgeneration.AssertionDemo -->
