<?xml version="1.0" encoding="UTF-8"?>
<!-- Generated by org.testng.reporters.JUnitReportReporter -->
<testsuite hostname="WKWZT3arfufb8jX" failures="0" tests="4" name="reportgeneration.MyFirstTestNGTest" time="0.007" errors="0" timestamp="2022-11-23T15:35:17 IST" skipped="0">
  <testcase classname="reportgeneration.MyFirstTestNGTest" name="deleteAccount" time="0.001"/>
  <system-out/>
  <testcase classname="reportgeneration.MyFirstTestNGTest" name="createAccount" time="0.006"/>
  <system-out/>
  <testcase classname="reportgeneration.MyFirstTestNGTest" name="logOutFromApplication" time="0.000"/>
  <system-out/>
  <testcase classname="reportgeneration.MyFirstTestNGTest" name="login" time="0.000"/>
  <system-out/>
</testsuite> <!-- reportgeneration.MyFirstTestNGTest -->
