<?xml version="1.0" encoding="UTF-8"?>
<!-- Generated by org.testng.reporters.JUnitReportReporter -->
<testsuite hostname="WKWZT3arfufb8jX" failures="0" tests="1" name="reportgeneration.AlertDemo" time="19.940" errors="0" timestamp="2022-11-23T15:35:17 IST" skipped="0">
  <testcase classname="reportgeneration.AlertDemo" name="alertAccept" time="19.940"/>
  <system-out/>
</testsuite> <!-- reportgeneration.AlertDemo -->
