<?xml version="1.0" encoding="UTF-8"?>
<!-- Generated by org.testng.reporters.JUnitReportReporter -->
<testsuite hostname="WKWZT3arfufb8jX" failures="0" tests="5" name="reportgeneration.LoginTest" time="29.726" errors="0" timestamp="2022-11-23T15:35:17 IST" skipped="0">
  <testcase classname="reportgeneration.LoginTest" name="validUsernameandPassword" time="12.336"/>
  <system-out/>
  <testcase classname="reportgeneration.LoginTest" name="invalidUsernameandPassword" time="4.638"/>
  <system-out/>
  <testcase classname="reportgeneration.LoginTest" name="blankUsernameandPassword" time="4.285"/>
  <system-out/>
  <testcase classname="reportgeneration.LoginTest" name="noUsernameandPassword" time="4.500"/>
  <system-out/>
  <testcase classname="reportgeneration.LoginTest" name="noPassword" time="3.967"/>
  <system-out/>
</testsuite> <!-- reportgeneration.LoginTest -->
